This file contains any messages produced by compilers while
running configure, to aid debugging if configure makes a mistake.

It was created by njit8021xclient configure 1.0, which was
generated by GNU Autoconf 2.68.  Invocation command line was

  $ ./configure --disable-option-checking --prefix=/usr --cache-file=/dev/null --srcdir=. --no-create --no-recursion

## --------- ##
## Platform. ##
## --------- ##

hostname = raspberrypi
uname -m = armv6l
uname -r = 4.4.21+
uname -s = Linux
uname -v = #911 Thu Sep 15 14:17:52 BST 2016

/usr/bin/uname -p = unknown
/bin/uname -X     = unknown

/bin/arch              = unknown
/usr/bin/arch -k       = unknown
/usr/convex/getsysinfo = unknown
/usr/bin/hostinfo      = unknown
/bin/machine           = unknown
/usr/bin/oslevel       = unknown
/bin/universe          = unknown

PATH: /usr/local/sbin
PATH: /usr/local/bin
PATH: /usr/sbin
PATH: /usr/bin
PATH: /sbin
PATH: /bin
PATH: /usr/local/games
PATH: /usr/games


## ----------- ##
## Core tests. ##
## ----------- ##

configure:1909: checking program prefix for njit8021xclient
configure:1914: result: njit-
configure:1962: checking for a BSD-compatible install
configure:2030: result: /usr/bin/install -c
configure:2041: checking whether build environment is sane
configure:2091: result: yes
configure:2232: checking for a thread-safe mkdir -p
configure:2271: result: /bin/mkdir -p
configure:2284: checking for gawk
configure:2314: result: no
configure:2284: checking for mawk
configure:2300: found /usr/bin/mawk
configure:2311: result: mawk
configure:2322: checking whether make sets $(MAKE)
configure:2344: result: yes
configure:2545: checking for gcc
configure:2561: found /usr/bin/gcc
configure:2572: result: gcc
configure:2801: checking for C compiler version
configure:2810: gcc --version >&5
gcc (Raspbian 4.9.2-10) 4.9.2
Copyright (C) 2014 Free Software Foundation, Inc.
This is free software; see the source for copying conditions.  There is NO
warranty; not even for MERCHANTABILITY or FITNESS FOR A PARTICULAR PURPOSE.

configure:2821: $? = 0
configure:2810: gcc -v >&5
Using built-in specs.
COLLECT_GCC=gcc
COLLECT_LTO_WRAPPER=/usr/lib/gcc/arm-linux-gnueabihf/4.9/lto-wrapper
Target: arm-linux-gnueabihf
Configured with: ../src/configure -v --with-pkgversion='Raspbian 4.9.2-10' --with-bugurl=file:///usr/share/doc/gcc-4.9/README.Bugs --enable-languages=c,c++,java,go,d,fortran,objc,obj-c++ --prefix=/usr --program-suffix=-4.9 --enable-shared --enable-linker-build-id --libexecdir=/usr/lib --without-included-gettext --enable-threads=posix --with-gxx-include-dir=/usr/include/c++/4.9 --libdir=/usr/lib --enable-nls --with-sysroot=/ --enable-clocale=gnu --enable-libstdcxx-debug --enable-libstdcxx-time=yes --enable-gnu-unique-object --disable-libitm --disable-libquadmath --enable-plugin --with-system-zlib --disable-browser-plugin --enable-java-awt=gtk --enable-gtk-cairo --with-java-home=/usr/lib/jvm/java-1.5.0-gcj-4.9-armhf/jre --enable-java-home --with-jvm-root-dir=/usr/lib/jvm/java-1.5.0-gcj-4.9-armhf --with-jvm-jar-dir=/usr/lib/jvm-exports/java-1.5.0-gcj-4.9-armhf --with-arch-directory=arm --with-ecj-jar=/usr/share/java/eclipse-ecj.jar --enable-objc-gc --enable-multiarch --disable-sjlj-exceptions --with-arch=armv6 --with-fpu=vfp --with-float=hard --enable-checking=release --build=arm-linux-gnueabihf --host=arm-linux-gnueabihf --target=arm-linux-gnueabihf
Thread model: posix
gcc version 4.9.2 (Raspbian 4.9.2-10) 
configure:2821: $? = 0
configure:2810: gcc -V >&5
gcc: error: unrecognized command line option '-V'
gcc: fatal error: no input files
compilation terminated.
configure:2821: $? = 4
configure:2810: gcc -qversion >&5
gcc: error: unrecognized command line option '-qversion'
gcc: fatal error: no input files
compilation terminated.
configure:2821: $? = 4
configure:2841: checking whether the C compiler works
configure:2863: gcc    conftest.c  >&5
configure:2867: $? = 0
configure:2915: result: yes
configure:2918: checking for C compiler default output file name
configure:2920: result: a.out
configure:2926: checking for suffix of executables
configure:2933: gcc -o conftest    conftest.c  >&5
configure:2937: $? = 0
configure:2959: result: 
configure:2981: checking whether we are cross compiling
configure:2989: gcc -o conftest    conftest.c  >&5
configure:2993: $? = 0
configure:3000: ./conftest
configure:3004: $? = 0
configure:3019: result: no
configure:3024: checking for suffix of object files
configure:3046: gcc -c   conftest.c >&5
configure:3050: $? = 0
configure:3071: result: o
configure:3075: checking whether we are using the GNU C compiler
configure:3094: gcc -c   conftest.c >&5
configure:3094: $? = 0
configure:3103: result: yes
configure:3112: checking whether gcc accepts -g
configure:3132: gcc -c -g  conftest.c >&5
configure:3132: $? = 0
configure:3173: result: yes
configure:3190: checking for gcc option to accept ISO C89
configure:3254: gcc  -c -g -O2  conftest.c >&5
configure:3254: $? = 0
configure:3267: result: none needed
configure:3298: checking for style of include used by make
configure:3326: result: GNU
configure:3351: checking dependency style of gcc
configure:3461: result: gcc3
configure:3485: checking gcc version
configure:3497: result: 4
configure:3668: checking for inline
configure:3704: gcc -c -O2  conftest.c >&5
configure:3704: $? = 0
configure:3719: result: inline
configure:3735: checking for library containing gethostbyname
configure:3766: gcc -o conftest -g -O2   conftest.c  >&5
configure:3766: $? = 0
configure:3783: result: none required
configure:3836: checking for library containing socket
configure:3867: gcc -o conftest -g -O2   conftest.c  >&5
configure:3867: $? = 0
configure:3884: result: none required
configure:3934: checking for library containing putmsg
configure:3965: gcc -o conftest -g -O2   conftest.c  >&5
/tmp/ccwFAaP1.o: In function `main':
/home/pi/Workspace/git_ws/njit-client_for_sysu/src/conftest.c:23: warning: putmsg is not implemented and will always fail
configure:3965: $? = 0
configure:3982: result: none required
configure:4012: checking for local pcap library
configure:4031: result: not found
configure:4083: checking for pcap-config
configure:4101: found /usr/bin/pcap-config
configure:4113: result: /usr/bin/pcap-config
configure:4317: checking for pcap_loop
configure:4317: gcc -o conftest -g -O2   conftest.c -L/usr/lib/arm-linux-gnueabihf  -lpcap  >&5
configure:4317: $? = 0
configure:4317: result: yes
configure:4328: checking for pcap_list_datalinks
configure:4328: gcc -o conftest -g -O2   conftest.c -L/usr/lib/arm-linux-gnueabihf  -lpcap  >&5
configure:4328: $? = 0
configure:4328: result: yes
configure:4344: checking for pcap_set_datalink
configure:4344: gcc -o conftest -g -O2   conftest.c -L/usr/lib/arm-linux-gnueabihf  -lpcap  >&5
configure:4344: $? = 0
configure:4344: result: yes
configure:4351: checking for pcap_datalink_name_to_val
configure:4351: gcc -o conftest -g -O2   conftest.c -L/usr/lib/arm-linux-gnueabihf  -lpcap  >&5
configure:4351: $? = 0
configure:4351: result: yes
configure:4357: checking for pcap_datalink_val_to_description
configure:4357: gcc -o conftest -g -O2   conftest.c -L/usr/lib/arm-linux-gnueabihf  -lpcap  >&5
configure:4357: $? = 0
configure:4357: result: yes
configure:4388: checking for pcap_breakloop
configure:4388: gcc -o conftest -g -O2   conftest.c -L/usr/lib/arm-linux-gnueabihf  -lpcap  >&5
configure:4388: $? = 0
configure:4388: result: yes
configure:4398: checking for pcap_dump_ftell
configure:4398: gcc -o conftest -g -O2   conftest.c -L/usr/lib/arm-linux-gnueabihf  -lpcap  >&5
configure:4398: $? = 0
configure:4398: result: yes
configure:4474: checking for pkg-config
configure:4492: found /usr/bin/pkg-config
configure:4504: result: /usr/bin/pkg-config
configure:4529: checking pkg-config is at least version 0.9.0
configure:4532: result: yes
configure:4542: checking for libcrypto
configure:4549: $PKG_CONFIG --exists --print-errors "libcrypto"
configure:4552: $? = 0
configure:4566: $PKG_CONFIG --exists --print-errors "libcrypto"
configure:4569: $? = 0
configure:4627: result: yes
configure:4765: creating ./config.status

## ---------------- ##
## Cache variables. ##
## ---------------- ##

ac_cv_c_compiler_gnu=yes
ac_cv_env_CC_set=
ac_cv_env_CC_value=
ac_cv_env_CFLAGS_set=
ac_cv_env_CFLAGS_value=
ac_cv_env_CPPFLAGS_set=
ac_cv_env_CPPFLAGS_value=
ac_cv_env_LDFLAGS_set=
ac_cv_env_LDFLAGS_value=
ac_cv_env_LIBS_set=
ac_cv_env_LIBS_value=
ac_cv_env_PKG_CONFIG_LIBDIR_set=
ac_cv_env_PKG_CONFIG_LIBDIR_value=
ac_cv_env_PKG_CONFIG_PATH_set=
ac_cv_env_PKG_CONFIG_PATH_value=
ac_cv_env_PKG_CONFIG_set=
ac_cv_env_PKG_CONFIG_value=
ac_cv_env_build_alias_set=
ac_cv_env_build_alias_value=
ac_cv_env_host_alias_set=
ac_cv_env_host_alias_value=
ac_cv_env_libcrypto_CFLAGS_set=
ac_cv_env_libcrypto_CFLAGS_value=
ac_cv_env_libcrypto_LIBS_set=
ac_cv_env_libcrypto_LIBS_value=
ac_cv_env_target_alias_set=
ac_cv_env_target_alias_value=
ac_cv_func_pcap_breakloop=yes
ac_cv_func_pcap_datalink_name_to_val=yes
ac_cv_func_pcap_datalink_val_to_description=yes
ac_cv_func_pcap_dump_ftell=yes
ac_cv_func_pcap_list_datalinks=yes
ac_cv_func_pcap_loop=yes
ac_cv_func_pcap_set_datalink=yes
ac_cv_lbl_gcc_vers=4
ac_cv_lbl_inline=inline
ac_cv_objext=o
ac_cv_path_ac_pt_PCAP_CONFIG=/usr/bin/pcap-config
ac_cv_path_ac_pt_PKG_CONFIG=/usr/bin/pkg-config
ac_cv_path_install='/usr/bin/install -c'
ac_cv_path_mkdir=/bin/mkdir
ac_cv_prog_AWK=mawk
ac_cv_prog_ac_ct_CC=gcc
ac_cv_prog_cc_c89=
ac_cv_prog_cc_g=yes
ac_cv_prog_make_make_set=yes
ac_cv_search_gethostbyname='none required'
ac_cv_search_putmsg='none required'
ac_cv_search_socket='none required'
am_cv_CC_dependencies_compiler_type=gcc3
pkg_cv_libcrypto_CFLAGS=
pkg_cv_libcrypto_LIBS='-lcrypto '

## ----------------- ##
## Output variables. ##
## ----------------- ##

ACLOCAL='${SHELL} /home/pi/Workspace/git_ws/njit-client_for_sysu/src/missing --run aclocal-1.11'
AMDEPBACKSLASH='\'
AMDEP_FALSE='#'
AMDEP_TRUE=''
AMTAR='${SHELL} /home/pi/Workspace/git_ws/njit-client_for_sysu/src/missing --run tar'
AUTOCONF='${SHELL} /home/pi/Workspace/git_ws/njit-client_for_sysu/src/missing --run autoconf'
AUTOHEADER='${SHELL} /home/pi/Workspace/git_ws/njit-client_for_sysu/src/missing --run autoheader'
AUTOMAKE='${SHELL} /home/pi/Workspace/git_ws/njit-client_for_sysu/src/missing --run automake-1.11'
AWK='mawk'
CC='gcc'
CCDEPMODE='depmode=gcc3'
CFLAGS='-g -O2'
CPPFLAGS=''
CYGPATH_W='echo'
DEFS='-DHAVE_CONFIG_H'
DEPDIR='.deps'
ECHO_C=''
ECHO_N='-n'
ECHO_T=''
EXEEXT=''
INSTALL_DATA='${INSTALL} -m 644'
INSTALL_PROGRAM='${INSTALL}'
INSTALL_SCRIPT='${INSTALL}'
INSTALL_STRIP_PROGRAM='$(install_sh) -c -s'
LDFLAGS=''
LIBOBJS=''
LIBS='-L/usr/lib/arm-linux-gnueabihf  -lpcap '
LTLIBOBJS=''
MAKEINFO='${SHELL} /home/pi/Workspace/git_ws/njit-client_for_sysu/src/missing --run makeinfo'
MKDIR_P='/bin/mkdir -p'
OBJEXT='o'
PACKAGE='njit8021xclient'
PACKAGE_BUGREPORT='njit8021xclient@googlegroups.com'
PACKAGE_NAME='njit8021xclient'
PACKAGE_STRING='njit8021xclient 1.0'
PACKAGE_TARNAME='njit8021xclient'
PACKAGE_URL='https://github.com/liuqun/njit8021xclient'
PACKAGE_VERSION='1.0'
PATH_SEPARATOR=':'
PCAP_CONFIG='/usr/bin/pcap-config'
PKG_CONFIG='/usr/bin/pkg-config'
PKG_CONFIG_LIBDIR=''
PKG_CONFIG_PATH=''
SET_MAKE=''
SHELL='/bin/bash'
SHLICC2=''
STRIP=''
VERSION='1.0'
V_CCOPT='-O2'
V_DEFS=''
V_GROUP=''
V_INCLS='-I/usr/include '
V_PCAPDEP=''
ac_ct_CC='gcc'
am__EXEEXT_FALSE=''
am__EXEEXT_TRUE='#'
am__fastdepCC_FALSE='#'
am__fastdepCC_TRUE=''
am__include='include'
am__isrc=''
am__leading_dot='.'
am__quote=''
am__tar='${AMTAR} chof - "$$tardir"'
am__untar='${AMTAR} xf -'
bindir='${exec_prefix}/bin'
build_alias=''
datadir='${datarootdir}'
datarootdir='${prefix}/share'
docdir='${datarootdir}/doc/${PACKAGE_TARNAME}'
dvidir='${docdir}'
exec_prefix='${prefix}'
host_alias=''
htmldir='${docdir}'
includedir='${prefix}/include'
infodir='${datarootdir}/info'
install_sh='${SHELL} /home/pi/Workspace/git_ws/njit-client_for_sysu/src/install-sh'
libcrypto_CFLAGS=''
libcrypto_LIBS='-lcrypto '
libdir='${exec_prefix}/lib'
libexecdir='${exec_prefix}/libexec'
localedir='${datarootdir}/locale'
localstatedir='${prefix}/var'
mandir='${datarootdir}/man'
mkdir_p='/bin/mkdir -p'
oldincludedir='${prefix}/usr/include'
pdfdir='${docdir}'
prefix='/usr'
program_transform_name='s&^&njit-&'
psdir='${docdir}'
sbindir='${exec_prefix}/sbin'
sharedstatedir='${prefix}/com'
sysconfdir='${prefix}/etc'
target_alias=''

## ----------- ##
## confdefs.h. ##
## ----------- ##

/* confdefs.h */
#define PACKAGE_NAME "njit8021xclient"
#define PACKAGE_TARNAME "njit8021xclient"
#define PACKAGE_VERSION "1.0"
#define PACKAGE_STRING "njit8021xclient 1.0"
#define PACKAGE_BUGREPORT "njit8021xclient@googlegroups.com"
#define PACKAGE_URL "https://github.com/liuqun/njit8021xclient"
#define PACKAGE "njit8021xclient"
#define VERSION "1.0"
#define inline inline
#define HAVE_PCAP_LIST_DATALINKS /**/
#define HAVE_PCAP_SET_DATALINK /**/
#define HAVE_PCAP_DATALINK_NAME_TO_VAL /**/
#define HAVE_PCAP_DATALINK_VAL_TO_DESCRIPTION /**/
#define HAVE_PCAP_BREAKLOOP 1
#define HAVE_PCAP_DUMP_FTELL /**/

configure: exit 0

## ---------------------- ##
## Running config.status. ##
## ---------------------- ##

This file was extended by njit8021xclient config.status 1.0, which was
generated by GNU Autoconf 2.68.  Invocation command line was

  CONFIG_FILES    = 
  CONFIG_HEADERS  = 
  CONFIG_LINKS    = 
  CONFIG_COMMANDS = 
  $ ./config.status 

on raspberrypi

config.status:866: creating Makefile
config.status:866: creating config.h
config.status:1047: config.h is unchanged
config.status:1095: executing depfiles commands

## ---------------------- ##
## Running config.status. ##
## ---------------------- ##

This file was extended by njit8021xclient config.status 1.0, which was
generated by GNU Autoconf 2.68.  Invocation command line was

  CONFIG_FILES    = 
  CONFIG_HEADERS  = 
  CONFIG_LINKS    = 
  CONFIG_COMMANDS = 
  $ ./config.status config.h

on raspberrypi

config.status:866: creating config.h
config.status:1047: config.h is unchanged
